{"C:\\Users\\ThinkPad\\Desktop\\Hacktive\\Hacktive8\\Phase2\\CH\\IP-HCK85\\melodia\\backend\\app.js": {"path":"C:\\Users\\ThinkPad\\Desktop\\Hacktive\\Hacktive8\\Phase2\\CH\\IP-HCK85\\melodia\\backend\\app.js","statementMap":{"0":{"start":{"line":2,"column":16},"end":{"line":2,"column":34}},"1":{"start":{"line":3,"column":21},"end":{"line":3,"column":58}},"2":{"start":{"line":4,"column":23},"end":{"line":4,"column":62}},"3":{"start":{"line":5,"column":23},"end":{"line":5,"column":62}},"4":{"start":{"line":6,"column":23},"end":{"line":6,"column":62}},"5":{"start":{"line":7,"column":12},"end":{"line":7,"column":21}},"6":{"start":{"line":8,"column":13},"end":{"line":8,"column":28}},"7":{"start":{"line":9,"column":27},"end":{"line":9,"column":70}},"8":{"start":{"line":11,"column":0},"end":{"line":11,"column":23}},"9":{"start":{"line":12,"column":0},"end":{"line":12,"column":15}},"10":{"start":{"line":14,"column":0},"end":{"line":14,"column":45}},"11":{"start":{"line":15,"column":0},"end":{"line":15,"column":40}},"12":{"start":{"line":16,"column":0},"end":{"line":16,"column":54}},"13":{"start":{"line":18,"column":0},"end":{"line":18,"column":23}},"14":{"start":{"line":19,"column":0},"end":{"line":19,"column":41}},"15":{"start":{"line":20,"column":0},"end":{"line":20,"column":46}},"16":{"start":{"line":21,"column":0},"end":{"line":21,"column":49}},"17":{"start":{"line":22,"column":0},"end":{"line":22,"column":54}},"18":{"start":{"line":23,"column":0},"end":{"line":23,"column":59}},"19":{"start":{"line":24,"column":0},"end":{"line":24,"column":54}},"20":{"start":{"line":25,"column":0},"end":{"line":25,"column":60}},"21":{"start":{"line":26,"column":0},"end":{"line":26,"column":61}},"22":{"start":{"line":27,"column":0},"end":{"line":27,"column":78}},"23":{"start":{"line":29,"column":0},"end":{"line":29,"column":21}},"24":{"start":{"line":31,"column":0},"end":{"line":31,"column":20}}},"fnMap":{},"branchMap":{},"s":{"0":7,"1":7,"2":7,"3":7,"4":7,"5":7,"6":7,"7":7,"8":7,"9":7,"10":7,"11":7,"12":7,"13":7,"14":7,"15":7,"16":7,"17":7,"18":7,"19":7,"20":7,"21":7,"22":7,"23":7,"24":7},"f":{},"b":{},"_coverageSchema":"1a1c01bbd47fc00a2c39e90264f33305004495a9","hash":"191ea64c8cbbeb30e24224d14f7961dff97c3678"}
,"C:\\Users\\ThinkPad\\Desktop\\Hacktive\\Hacktive8\\Phase2\\CH\\IP-HCK85\\melodia\\backend\\controllers\\playlistController.js": {"path":"C:\\Users\\ThinkPad\\Desktop\\Hacktive\\Hacktive8\\Phase2\\CH\\IP-HCK85\\melodia\\backend\\controllers\\playlistController.js","statementMap":{"0":{"start":{"line":1,"column":27},"end":{"line":1,"column":47}},"1":{"start":{"line":2,"column":24},"end":{"line":2,"column":48}},"2":{"start":{"line":6,"column":4},"end":{"line":15,"column":5}},"3":{"start":{"line":7,"column":21},"end":{"line":7,"column":32}},"4":{"start":{"line":8,"column":24},"end":{"line":11,"column":8}},"5":{"start":{"line":12,"column":6},"end":{"line":12,"column":37}},"6":{"start":{"line":14,"column":6},"end":{"line":14,"column":17}},"7":{"start":{"line":19,"column":8},"end":{"line":44,"column":9}},"8":{"start":{"line":20,"column":29},"end":{"line":30,"column":14}},"9":{"start":{"line":32,"column":12},"end":{"line":34,"column":13}},"10":{"start":{"line":33,"column":12},"end":{"line":33,"column":74}},"11":{"start":{"line":36,"column":12},"end":{"line":40,"column":14}},"12":{"start":{"line":42,"column":12},"end":{"line":42,"column":23}},"13":{"start":{"line":43,"column":12},"end":{"line":43,"column":30}},"14":{"start":{"line":75,"column":4},"end":{"line":85,"column":5}},"15":{"start":{"line":76,"column":21},"end":{"line":76,"column":32}},"16":{"start":{"line":77,"column":21},"end":{"line":77,"column":31}},"17":{"start":{"line":78,"column":23},"end":{"line":78,"column":72}},"18":{"start":{"line":79,"column":6},"end":{"line":79,"column":83}},"19":{"start":{"line":79,"column":21},"end":{"line":79,"column":83}},"20":{"start":{"line":81,"column":6},"end":{"line":81,"column":30}},"21":{"start":{"line":82,"column":6},"end":{"line":82,"column":69}},"22":{"start":{"line":84,"column":6},"end":{"line":84,"column":17}},"23":{"start":{"line":89,"column":2},"end":{"line":98,"column":3}},"24":{"start":{"line":90,"column":19},"end":{"line":90,"column":30}},"25":{"start":{"line":91,"column":21},"end":{"line":91,"column":29}},"26":{"start":{"line":92,"column":4},"end":{"line":92,"column":78}},"27":{"start":{"line":92,"column":15},"end":{"line":92,"column":78}},"28":{"start":{"line":94,"column":21},"end":{"line":94,"column":60}},"29":{"start":{"line":95,"column":4},"end":{"line":95,"column":34}},"30":{"start":{"line":97,"column":4},"end":{"line":97,"column":15}},"31":{"start":{"line":102,"column":2},"end":{"line":116,"column":3}},"32":{"start":{"line":103,"column":19},"end":{"line":103,"column":30}},"33":{"start":{"line":104,"column":19},"end":{"line":104,"column":29}},"34":{"start":{"line":105,"column":21},"end":{"line":105,"column":29}},"35":{"start":{"line":106,"column":4},"end":{"line":106,"column":78}},"36":{"start":{"line":106,"column":15},"end":{"line":106,"column":78}},"37":{"start":{"line":108,"column":21},"end":{"line":108,"column":70}},"38":{"start":{"line":109,"column":4},"end":{"line":109,"column":76}},"39":{"start":{"line":109,"column":19},"end":{"line":109,"column":76}},"40":{"start":{"line":111,"column":4},"end":{"line":111,"column":24}},"41":{"start":{"line":112,"column":4},"end":{"line":112,"column":25}},"42":{"start":{"line":113,"column":4},"end":{"line":113,"column":34}},"43":{"start":{"line":115,"column":4},"end":{"line":115,"column":15}},"44":{"start":{"line":120,"column":2},"end":{"line":163,"column":3}},"45":{"start":{"line":121,"column":30},"end":{"line":121,"column":38}},"46":{"start":{"line":122,"column":4},"end":{"line":122,"column":98}},"47":{"start":{"line":122,"column":27},"end":{"line":122,"column":98}},"48":{"start":{"line":124,"column":15},"end":{"line":124,"column":58}},"49":{"start":{"line":125,"column":4},"end":{"line":125,"column":31}},"50":{"start":{"line":127,"column":19},"end":{"line":144,"column":7}},"51":{"start":{"line":146,"column":19},"end":{"line":149,"column":6}},"52":{"start":{"line":151,"column":19},"end":{"line":151,"column":21}},"53":{"start":{"line":152,"column":4},"end":{"line":154,"column":5}},"54":{"start":{"line":153,"column":6},"end":{"line":153,"column":29}},"55":{"start":{"line":155,"column":23},"end":{"line":158,"column":13}},"56":{"start":{"line":160,"column":4},"end":{"line":160,"column":48}},"57":{"start":{"line":162,"column":4},"end":{"line":162,"column":16}},"58":{"start":{"line":167,"column":4},"end":{"line":187,"column":5}},"59":{"start":{"line":168,"column":6},"end":{"line":168,"column":48}},"60":{"start":{"line":169,"column":21},"end":{"line":169,"column":32}},"61":{"start":{"line":170,"column":29},"end":{"line":170,"column":39}},"62":{"start":{"line":171,"column":25},"end":{"line":171,"column":33}},"63":{"start":{"line":172,"column":6},"end":{"line":172,"column":65}},"64":{"start":{"line":174,"column":6},"end":{"line":174,"column":107}},"65":{"start":{"line":174,"column":34},"end":{"line":174,"column":107}},"66":{"start":{"line":177,"column":23},"end":{"line":177,"column":84}},"67":{"start":{"line":178,"column":6},"end":{"line":178,"column":78}},"68":{"start":{"line":178,"column":21},"end":{"line":178,"column":78}},"69":{"start":{"line":181,"column":6},"end":{"line":181,"column":36}},"70":{"start":{"line":182,"column":6},"end":{"line":182,"column":65}},"71":{"start":{"line":184,"column":6},"end":{"line":184,"column":25}},"72":{"start":{"line":186,"column":6},"end":{"line":186,"column":17}},"73":{"start":{"line":191,"column":0},"end":{"line":191,"column":35}}},"fnMap":{"0":{"name":"(anonymous_0)","decl":{"start":{"line":5,"column":2},"end":{"line":5,"column":3}},"loc":{"start":{"line":5,"column":39},"end":{"line":16,"column":3}},"line":5},"1":{"name":"(anonymous_1)","decl":{"start":{"line":18,"column":2},"end":{"line":18,"column":3}},"loc":{"start":{"line":18,"column":40},"end":{"line":45,"column":9}},"line":18},"2":{"name":"(anonymous_2)","decl":{"start":{"line":74,"column":2},"end":{"line":74,"column":3}},"loc":{"start":{"line":74,"column":42},"end":{"line":86,"column":3}},"line":74},"3":{"name":"(anonymous_3)","decl":{"start":{"line":88,"column":2},"end":{"line":88,"column":3}},"loc":{"start":{"line":88,"column":43},"end":{"line":99,"column":1}},"line":88},"4":{"name":"(anonymous_4)","decl":{"start":{"line":101,"column":2},"end":{"line":101,"column":3}},"loc":{"start":{"line":101,"column":46},"end":{"line":117,"column":1}},"line":101},"5":{"name":"(anonymous_5)","decl":{"start":{"line":119,"column":0},"end":{"line":119,"column":1}},"loc":{"start":{"line":119,"column":43},"end":{"line":164,"column":1}},"line":119},"6":{"name":"(anonymous_6)","decl":{"start":{"line":166,"column":2},"end":{"line":166,"column":3}},"loc":{"start":{"line":166,"column":49},"end":{"line":188,"column":3}},"line":166}},"branchMap":{"0":{"loc":{"start":{"line":32,"column":12},"end":{"line":34,"column":13}},"type":"if","locations":[{"start":{"line":32,"column":12},"end":{"line":34,"column":13}},{"start":{},"end":{}}],"line":32},"1":{"loc":{"start":{"line":79,"column":6},"end":{"line":79,"column":83}},"type":"if","locations":[{"start":{"line":79,"column":6},"end":{"line":79,"column":83}},{"start":{},"end":{}}],"line":79},"2":{"loc":{"start":{"line":92,"column":4},"end":{"line":92,"column":78}},"type":"if","locations":[{"start":{"line":92,"column":4},"end":{"line":92,"column":78}},{"start":{},"end":{}}],"line":92},"3":{"loc":{"start":{"line":106,"column":4},"end":{"line":106,"column":78}},"type":"if","locations":[{"start":{"line":106,"column":4},"end":{"line":106,"column":78}},{"start":{},"end":{}}],"line":106},"4":{"loc":{"start":{"line":109,"column":4},"end":{"line":109,"column":76}},"type":"if","locations":[{"start":{"line":109,"column":4},"end":{"line":109,"column":76}},{"start":{},"end":{}}],"line":109},"5":{"loc":{"start":{"line":122,"column":4},"end":{"line":122,"column":98}},"type":"if","locations":[{"start":{"line":122,"column":4},"end":{"line":122,"column":98}},{"start":{},"end":{}}],"line":122},"6":{"loc":{"start":{"line":122,"column":8},"end":{"line":122,"column":25}},"type":"binary-expr","locations":[{"start":{"line":122,"column":8},"end":{"line":122,"column":14}},{"start":{"line":122,"column":18},"end":{"line":122,"column":25}}],"line":122},"7":{"loc":{"start":{"line":174,"column":6},"end":{"line":174,"column":107}},"type":"if","locations":[{"start":{"line":174,"column":6},"end":{"line":174,"column":107}},{"start":{},"end":{}}],"line":174},"8":{"loc":{"start":{"line":174,"column":10},"end":{"line":174,"column":32}},"type":"binary-expr","locations":[{"start":{"line":174,"column":10},"end":{"line":174,"column":21}},{"start":{"line":174,"column":25},"end":{"line":174,"column":32}}],"line":174},"9":{"loc":{"start":{"line":178,"column":6},"end":{"line":178,"column":78}},"type":"if","locations":[{"start":{"line":178,"column":6},"end":{"line":178,"column":78}},{"start":{},"end":{}}],"line":178}},"s":{"0":7,"1":7,"2":1,"3":1,"4":1,"5":1,"6":0,"7":4,"8":4,"9":4,"10":2,"11":2,"12":0,"13":0,"14":2,"15":2,"16":2,"17":2,"18":2,"19":1,"20":1,"21":1,"22":1,"23":4,"24":4,"25":4,"26":4,"27":2,"28":2,"29":2,"30":2,"31":2,"32":2,"33":2,"34":2,"35":2,"36":1,"37":1,"38":1,"39":0,"40":1,"41":1,"42":1,"43":1,"44":0,"45":0,"46":0,"47":0,"48":0,"49":0,"50":0,"51":0,"52":0,"53":0,"54":0,"55":0,"56":0,"57":0,"58":3,"59":3,"60":3,"61":3,"62":3,"63":3,"64":3,"65":1,"66":2,"67":2,"68":1,"69":1,"70":1,"71":2,"72":2,"73":7},"f":{"0":1,"1":4,"2":2,"3":4,"4":2,"5":0,"6":3},"b":{"0":[2,2],"1":[1,1],"2":[2,2],"3":[1,1],"4":[0,1],"5":[0,0],"6":[0,0],"7":[1,2],"8":[3,3],"9":[1,1]},"_coverageSchema":"1a1c01bbd47fc00a2c39e90264f33305004495a9","hash":"cfffc7c71bc30d9a0b888bcd14111e4cdc521071"}
,"C:\\Users\\ThinkPad\\Desktop\\Hacktive\\Hacktive8\\Phase2\\CH\\IP-HCK85\\melodia\\backend\\controllers\\songController.js": {"path":"C:\\Users\\ThinkPad\\Desktop\\Hacktive\\Hacktive8\\Phase2\\CH\\IP-HCK85\\melodia\\backend\\controllers\\songController.js","statementMap":{"0":{"start":{"line":1,"column":15},"end":{"line":1,"column":35}},"1":{"start":{"line":2,"column":17},"end":{"line":2,"column":37}},"2":{"start":{"line":7,"column":8},"end":{"line":37,"column":9}},"3":{"start":{"line":8,"column":25},"end":{"line":8,"column":54}},"4":{"start":{"line":9,"column":26},"end":{"line":9,"column":28}},"5":{"start":{"line":10,"column":27},"end":{"line":10,"column":45}},"6":{"start":{"line":11,"column":27},"end":{"line":11,"column":49}},"7":{"start":{"line":13,"column":24},"end":{"line":13,"column":26}},"8":{"start":{"line":14,"column":12},"end":{"line":21,"column":13}},"9":{"start":{"line":15,"column":16},"end":{"line":20,"column":17}},"10":{"start":{"line":23,"column":36},"end":{"line":27,"column":14}},"11":{"start":{"line":29,"column":12},"end":{"line":34,"column":15}},"12":{"start":{"line":36,"column":12},"end":{"line":36,"column":23}},"13":{"start":{"line":41,"column":8},"end":{"line":50,"column":9}},"14":{"start":{"line":42,"column":25},"end":{"line":42,"column":59}},"15":{"start":{"line":43,"column":12},"end":{"line":45,"column":13}},"16":{"start":{"line":44,"column":16},"end":{"line":44,"column":74}},"17":{"start":{"line":46,"column":12},"end":{"line":46,"column":38}},"18":{"start":{"line":48,"column":12},"end":{"line":48,"column":23}},"19":{"start":{"line":49,"column":12},"end":{"line":49,"column":31}},"20":{"start":{"line":55,"column":0},"end":{"line":55,"column":31}}},"fnMap":{"0":{"name":"(anonymous_0)","decl":{"start":{"line":6,"column":4},"end":{"line":6,"column":5}},"loc":{"start":{"line":6,"column":41},"end":{"line":38,"column":5}},"line":6},"1":{"name":"(anonymous_1)","decl":{"start":{"line":40,"column":4},"end":{"line":40,"column":5}},"loc":{"start":{"line":40,"column":42},"end":{"line":51,"column":5}},"line":40}},"branchMap":{"0":{"loc":{"start":{"line":8,"column":25},"end":{"line":8,"column":54}},"type":"binary-expr","locations":[{"start":{"line":8,"column":25},"end":{"line":8,"column":49}},{"start":{"line":8,"column":53},"end":{"line":8,"column":54}}],"line":8},"1":{"loc":{"start":{"line":11,"column":27},"end":{"line":11,"column":49}},"type":"binary-expr","locations":[{"start":{"line":11,"column":27},"end":{"line":11,"column":43}},{"start":{"line":11,"column":47},"end":{"line":11,"column":49}}],"line":11},"2":{"loc":{"start":{"line":14,"column":12},"end":{"line":21,"column":13}},"type":"if","locations":[{"start":{"line":14,"column":12},"end":{"line":21,"column":13}},{"start":{},"end":{}}],"line":14},"3":{"loc":{"start":{"line":43,"column":12},"end":{"line":45,"column":13}},"type":"if","locations":[{"start":{"line":43,"column":12},"end":{"line":45,"column":13}},{"start":{},"end":{}}],"line":43}},"s":{"0":7,"1":7,"2":4,"3":4,"4":4,"5":4,"6":4,"7":4,"8":4,"9":2,"10":4,"11":4,"12":0,"13":0,"14":0,"15":0,"16":0,"17":0,"18":0,"19":0,"20":7},"f":{"0":4,"1":0},"b":{"0":[4,4],"1":[4,2],"2":[2,2],"3":[0,0]},"_coverageSchema":"1a1c01bbd47fc00a2c39e90264f33305004495a9","hash":"1c7baff4087e774fa57c106cf2f21d9c4955491e"}
,"C:\\Users\\ThinkPad\\Desktop\\Hacktive\\Hacktive8\\Phase2\\CH\\IP-HCK85\\melodia\\backend\\controllers\\userController.js": {"path":"C:\\Users\\ThinkPad\\Desktop\\Hacktive\\Hacktive8\\Phase2\\CH\\IP-HCK85\\melodia\\backend\\controllers\\userController.js","statementMap":{"0":{"start":{"line":1,"column":15},"end":{"line":1,"column":45}},"1":{"start":{"line":2,"column":20},"end":{"line":2,"column":49}},"2":{"start":{"line":3,"column":28},"end":{"line":3,"column":59}},"3":{"start":{"line":4,"column":25},"end":{"line":4,"column":55}},"4":{"start":{"line":5,"column":18},"end":{"line":5,"column":53}},"5":{"start":{"line":9,"column":8},"end":{"line":19,"column":9}},"6":{"start":{"line":10,"column":39},"end":{"line":10,"column":47}},"7":{"start":{"line":11,"column":20},"end":{"line":11,"column":60}},"8":{"start":{"line":13,"column":8},"end":{"line":13,"column":29}},"9":{"start":{"line":14,"column":9},"end":{"line":14,"column":81}},"10":{"start":{"line":17,"column":9},"end":{"line":17,"column":20}},"11":{"start":{"line":23,"column":4},"end":{"line":50,"column":5}},"12":{"start":{"line":24,"column":30},"end":{"line":24,"column":38}},"13":{"start":{"line":25,"column":6},"end":{"line":25,"column":89}},"14":{"start":{"line":25,"column":24},"end":{"line":25,"column":89}},"15":{"start":{"line":27,"column":21},"end":{"line":27,"column":39}},"16":{"start":{"line":29,"column":21},"end":{"line":32,"column":8}},"17":{"start":{"line":34,"column":22},"end":{"line":34,"column":41}},"18":{"start":{"line":35,"column":29},"end":{"line":35,"column":110}},"19":{"start":{"line":36,"column":30},"end":{"line":43,"column":8}},"20":{"start":{"line":45,"column":27},"end":{"line":45,"column":53}},"21":{"start":{"line":47,"column":6},"end":{"line":47,"column":60}},"22":{"start":{"line":49,"column":6},"end":{"line":49,"column":17}},"23":{"start":{"line":55,"column":8},"end":{"line":78,"column":13}},"24":{"start":{"line":56,"column":40},"end":{"line":56,"column":48}},"25":{"start":{"line":57,"column":12},"end":{"line":59,"column":13}},"26":{"start":{"line":58,"column":16},"end":{"line":58,"column":84}},"27":{"start":{"line":60,"column":25},"end":{"line":64,"column":14}},"28":{"start":{"line":65,"column":12},"end":{"line":68,"column":13}},"29":{"start":{"line":67,"column":16},"end":{"line":67,"column":81}},"30":{"start":{"line":69,"column":36},"end":{"line":69,"column":76}},"31":{"start":{"line":70,"column":12},"end":{"line":72,"column":13}},"32":{"start":{"line":71,"column":16},"end":{"line":71,"column":81}},"33":{"start":{"line":73,"column":33},"end":{"line":73,"column":59}},"34":{"start":{"line":74,"column":12},"end":{"line":74,"column":50}},"35":{"start":{"line":76,"column":12},"end":{"line":76,"column":23}},"36":{"start":{"line":77,"column":12},"end":{"line":77,"column":31}},"37":{"start":{"line":83,"column":0},"end":{"line":83,"column":31}}},"fnMap":{"0":{"name":"(anonymous_0)","decl":{"start":{"line":8,"column":4},"end":{"line":8,"column":5}},"loc":{"start":{"line":8,"column":39},"end":{"line":20,"column":5}},"line":8},"1":{"name":"(anonymous_1)","decl":{"start":{"line":22,"column":4},"end":{"line":22,"column":5}},"loc":{"start":{"line":22,"column":45},"end":{"line":51,"column":3}},"line":22},"2":{"name":"(anonymous_2)","decl":{"start":{"line":54,"column":4},"end":{"line":54,"column":5}},"loc":{"start":{"line":54,"column":36},"end":{"line":80,"column":9}},"line":54}},"branchMap":{"0":{"loc":{"start":{"line":25,"column":6},"end":{"line":25,"column":89}},"type":"if","locations":[{"start":{"line":25,"column":6},"end":{"line":25,"column":89}},{"start":{},"end":{}}],"line":25},"1":{"loc":{"start":{"line":47,"column":17},"end":{"line":47,"column":36}},"type":"cond-expr","locations":[{"start":{"line":47,"column":27},"end":{"line":47,"column":30}},{"start":{"line":47,"column":33},"end":{"line":47,"column":36}}],"line":47},"2":{"loc":{"start":{"line":57,"column":12},"end":{"line":59,"column":13}},"type":"if","locations":[{"start":{"line":57,"column":12},"end":{"line":59,"column":13}},{"start":{},"end":{}}],"line":57},"3":{"loc":{"start":{"line":57,"column":16},"end":{"line":57,"column":35}},"type":"binary-expr","locations":[{"start":{"line":57,"column":16},"end":{"line":57,"column":22}},{"start":{"line":57,"column":26},"end":{"line":57,"column":35}}],"line":57},"4":{"loc":{"start":{"line":65,"column":12},"end":{"line":68,"column":13}},"type":"if","locations":[{"start":{"line":65,"column":12},"end":{"line":68,"column":13}},{"start":{},"end":{}}],"line":65},"5":{"loc":{"start":{"line":70,"column":12},"end":{"line":72,"column":13}},"type":"if","locations":[{"start":{"line":70,"column":12},"end":{"line":72,"column":13}},{"start":{},"end":{}}],"line":70}},"s":{"0":7,"1":7,"2":7,"3":7,"4":7,"5":11,"6":11,"7":11,"8":5,"9":5,"10":6,"11":0,"12":0,"13":0,"14":0,"15":0,"16":0,"17":0,"18":0,"19":0,"20":0,"21":0,"22":0,"23":13,"24":13,"25":13,"26":2,"27":11,"28":11,"29":2,"30":9,"31":9,"32":2,"33":7,"34":7,"35":6,"36":6,"37":7},"f":{"0":11,"1":0,"2":13},"b":{"0":[0,0],"1":[0,0],"2":[2,11],"3":[13,11],"4":[2,9],"5":[2,7]},"_coverageSchema":"1a1c01bbd47fc00a2c39e90264f33305004495a9","hash":"652433cb8751fcf8b563666fce701e5ae14b43b8"}
,"C:\\Users\\ThinkPad\\Desktop\\Hacktive\\Hacktive8\\Phase2\\CH\\IP-HCK85\\melodia\\backend\\helpers\\bcrypt.js": {"path":"C:\\Users\\ThinkPad\\Desktop\\Hacktive\\Hacktive8\\Phase2\\CH\\IP-HCK85\\melodia\\backend\\helpers\\bcrypt.js","statementMap":{"0":{"start":{"line":1,"column":15},"end":{"line":1,"column":34}},"1":{"start":{"line":3,"column":21},"end":{"line":6,"column":1}},"2":{"start":{"line":4,"column":15},"end":{"line":4,"column":37}},"3":{"start":{"line":5,"column":2},"end":{"line":5,"column":40}},"4":{"start":{"line":8,"column":24},"end":{"line":10,"column":1}},"5":{"start":{"line":9,"column":2},"end":{"line":9,"column":53}},"6":{"start":{"line":12,"column":0},"end":{"line":15,"column":1}}},"fnMap":{"0":{"name":"(anonymous_0)","decl":{"start":{"line":3,"column":21},"end":{"line":3,"column":22}},"loc":{"start":{"line":3,"column":35},"end":{"line":6,"column":1}},"line":3},"1":{"name":"(anonymous_1)","decl":{"start":{"line":8,"column":24},"end":{"line":8,"column":25}},"loc":{"start":{"line":8,"column":54},"end":{"line":10,"column":1}},"line":8}},"branchMap":{},"s":{"0":7,"1":7,"2":11,"3":11,"4":7,"5":9,"6":7},"f":{"0":11,"1":9},"b":{},"_coverageSchema":"1a1c01bbd47fc00a2c39e90264f33305004495a9","hash":"78557497d87a9f1d4d107775ae98fab672320f44"}
,"C:\\Users\\ThinkPad\\Desktop\\Hacktive\\Hacktive8\\Phase2\\CH\\IP-HCK85\\melodia\\backend\\helpers\\jwt.js": {"path":"C:\\Users\\ThinkPad\\Desktop\\Hacktive\\Hacktive8\\Phase2\\CH\\IP-HCK85\\melodia\\backend\\helpers\\jwt.js","statementMap":{"0":{"start":{"line":1,"column":0},"end":{"line":1,"column":26}},"1":{"start":{"line":3,"column":12},"end":{"line":3,"column":35}},"2":{"start":{"line":5,"column":19},"end":{"line":5,"column":41}},"3":{"start":{"line":8,"column":18},"end":{"line":10,"column":1}},"4":{"start":{"line":9,"column":2},"end":{"line":9,"column":34}},"5":{"start":{"line":12,"column":20},"end":{"line":14,"column":1}},"6":{"start":{"line":13,"column":2},"end":{"line":13,"column":38}},"7":{"start":{"line":16,"column":0},"end":{"line":19,"column":1}}},"fnMap":{"0":{"name":"(anonymous_0)","decl":{"start":{"line":8,"column":18},"end":{"line":8,"column":19}},"loc":{"start":{"line":8,"column":27},"end":{"line":10,"column":1}},"line":8},"1":{"name":"(anonymous_1)","decl":{"start":{"line":12,"column":20},"end":{"line":12,"column":21}},"loc":{"start":{"line":12,"column":31},"end":{"line":14,"column":1}},"line":12}},"branchMap":{},"s":{"0":7,"1":7,"2":7,"3":7,"4":7,"5":7,"6":20,"7":7},"f":{"0":7,"1":20},"b":{},"_coverageSchema":"1a1c01bbd47fc00a2c39e90264f33305004495a9","hash":"f0601c4d8717f1ed39d676e477be55b7415f9630"}
,"C:\\Users\\ThinkPad\\Desktop\\Hacktive\\Hacktive8\\Phase2\\CH\\IP-HCK85\\melodia\\backend\\helpers\\nodemailer.js": {"path":"C:\\Users\\ThinkPad\\Desktop\\Hacktive\\Hacktive8\\Phase2\\CH\\IP-HCK85\\melodia\\backend\\helpers\\nodemailer.js","statementMap":{"0":{"start":{"line":1,"column":0},"end":{"line":1,"column":27}},"1":{"start":{"line":2,"column":19},"end":{"line":2,"column":40}},"2":{"start":{"line":6,"column":22},"end":{"line":12,"column":4}},"3":{"start":{"line":14,"column":22},"end":{"line":19,"column":3}},"4":{"start":{"line":21,"column":2},"end":{"line":32,"column":3}},"5":{"start":{"line":23,"column":4},"end":{"line":26,"column":5}},"6":{"start":{"line":24,"column":6},"end":{"line":24,"column":63}},"7":{"start":{"line":25,"column":6},"end":{"line":25,"column":13}},"8":{"start":{"line":28,"column":17},"end":{"line":28,"column":56}},"9":{"start":{"line":29,"column":4},"end":{"line":29,"column":58}},"10":{"start":{"line":31,"column":4},"end":{"line":31,"column":45}},"11":{"start":{"line":35,"column":0},"end":{"line":35,"column":26}}},"fnMap":{"0":{"name":"sendEmail","decl":{"start":{"line":5,"column":15},"end":{"line":5,"column":24}},"loc":{"start":{"line":5,"column":29},"end":{"line":33,"column":1}},"line":5}},"branchMap":{"0":{"loc":{"start":{"line":23,"column":4},"end":{"line":26,"column":5}},"type":"if","locations":[{"start":{"line":23,"column":4},"end":{"line":26,"column":5}},{"start":{},"end":{}}],"line":23}},"s":{"0":7,"1":7,"2":5,"3":5,"4":5,"5":5,"6":5,"7":5,"8":0,"9":0,"10":0,"11":7},"f":{"0":5},"b":{"0":[5,0]},"_coverageSchema":"1a1c01bbd47fc00a2c39e90264f33305004495a9","hash":"7810e7a53d2ec3879514274b1fc0a0e6a5151a46"}
,"C:\\Users\\ThinkPad\\Desktop\\Hacktive\\Hacktive8\\Phase2\\CH\\IP-HCK85\\melodia\\backend\\middlewares\\authentication.js": {"path":"C:\\Users\\ThinkPad\\Desktop\\Hacktive\\Hacktive8\\Phase2\\CH\\IP-HCK85\\melodia\\backend\\middlewares\\authentication.js","statementMap":{"0":{"start":{"line":1,"column":15},"end":{"line":1,"column":35}},"1":{"start":{"line":2,"column":24},"end":{"line":2,"column":49}},"2":{"start":{"line":5,"column":4},"end":{"line":34,"column":5}},"3":{"start":{"line":6,"column":34},"end":{"line":6,"column":45}},"4":{"start":{"line":8,"column":8},"end":{"line":10,"column":9}},"5":{"start":{"line":9,"column":8},"end":{"line":9,"column":64}},"6":{"start":{"line":12,"column":25},"end":{"line":12,"column":49}},"7":{"start":{"line":13,"column":26},"end":{"line":13,"column":37}},"8":{"start":{"line":14,"column":27},"end":{"line":14,"column":38}},"9":{"start":{"line":16,"column":8},"end":{"line":18,"column":9}},"10":{"start":{"line":17,"column":10},"end":{"line":17,"column":66}},"11":{"start":{"line":20,"column":23},"end":{"line":20,"column":46}},"12":{"start":{"line":22,"column":21},"end":{"line":22,"column":51}},"13":{"start":{"line":23,"column":8},"end":{"line":25,"column":9}},"14":{"start":{"line":24,"column":8},"end":{"line":24,"column":64}},"15":{"start":{"line":27,"column":8},"end":{"line":27,"column":33}},"16":{"start":{"line":28,"column":8},"end":{"line":28,"column":30}},"17":{"start":{"line":31,"column":8},"end":{"line":31,"column":14}},"18":{"start":{"line":33,"column":8},"end":{"line":33,"column":19}},"19":{"start":{"line":37,"column":0},"end":{"line":37,"column":31}}},"fnMap":{"0":{"name":"authentication","decl":{"start":{"line":4,"column":15},"end":{"line":4,"column":29}},"loc":{"start":{"line":4,"column":44},"end":{"line":35,"column":1}},"line":4}},"branchMap":{"0":{"loc":{"start":{"line":8,"column":8},"end":{"line":10,"column":9}},"type":"if","locations":[{"start":{"line":8,"column":8},"end":{"line":10,"column":9}},{"start":{},"end":{}}],"line":8},"1":{"loc":{"start":{"line":16,"column":8},"end":{"line":18,"column":9}},"type":"if","locations":[{"start":{"line":16,"column":8},"end":{"line":18,"column":9}},{"start":{},"end":{}}],"line":16},"2":{"loc":{"start":{"line":16,"column":12},"end":{"line":16,"column":49}},"type":"binary-expr","locations":[{"start":{"line":16,"column":12},"end":{"line":16,"column":34}},{"start":{"line":16,"column":38},"end":{"line":16,"column":49}}],"line":16},"3":{"loc":{"start":{"line":23,"column":8},"end":{"line":25,"column":9}},"type":"if","locations":[{"start":{"line":23,"column":8},"end":{"line":25,"column":9}},{"start":{},"end":{}}],"line":23}},"s":{"0":7,"1":7,"2":21,"3":21,"4":21,"5":1,"6":20,"7":20,"8":20,"9":20,"10":0,"11":20,"12":20,"13":20,"14":0,"15":20,"16":20,"17":20,"18":1,"19":7},"f":{"0":21},"b":{"0":[1,20],"1":[0,20],"2":[20,20],"3":[0,20]},"_coverageSchema":"1a1c01bbd47fc00a2c39e90264f33305004495a9","hash":"3b1045fa48633c209d7dbaf6843515db647fd693"}
,"C:\\Users\\ThinkPad\\Desktop\\Hacktive\\Hacktive8\\Phase2\\CH\\IP-HCK85\\melodia\\backend\\middlewares\\errorHandler.js": {"path":"C:\\Users\\ThinkPad\\Desktop\\Hacktive\\Hacktive8\\Phase2\\CH\\IP-HCK85\\melodia\\backend\\middlewares\\errorHandler.js","statementMap":{"0":{"start":{"line":4,"column":4},"end":{"line":6,"column":5}},"1":{"start":{"line":5,"column":8},"end":{"line":5,"column":61}},"2":{"start":{"line":8,"column":4},"end":{"line":10,"column":5}},"3":{"start":{"line":9,"column":8},"end":{"line":9,"column":61}},"4":{"start":{"line":12,"column":4},"end":{"line":16,"column":5}},"5":{"start":{"line":13,"column":23},"end":{"line":13,"column":57}},"6":{"start":{"line":13,"column":46},"end":{"line":13,"column":56}},"7":{"start":{"line":14,"column":8},"end":{"line":14,"column":53}},"8":{"start":{"line":17,"column":4},"end":{"line":19,"column":5}},"9":{"start":{"line":18,"column":8},"end":{"line":18,"column":61}},"10":{"start":{"line":20,"column":4},"end":{"line":22,"column":5}},"11":{"start":{"line":21,"column":8},"end":{"line":21,"column":61}},"12":{"start":{"line":24,"column":4},"end":{"line":26,"column":5}},"13":{"start":{"line":25,"column":9},"end":{"line":25,"column":66}},"14":{"start":{"line":27,"column":4},"end":{"line":34,"column":5}},"15":{"start":{"line":29,"column":6},"end":{"line":33,"column":7}},"16":{"start":{"line":30,"column":8},"end":{"line":30,"column":71}},"17":{"start":{"line":32,"column":8},"end":{"line":32,"column":74}},"18":{"start":{"line":36,"column":4},"end":{"line":36,"column":67}},"19":{"start":{"line":39,"column":0},"end":{"line":39,"column":29}}},"fnMap":{"0":{"name":"errorHandler","decl":{"start":{"line":2,"column":9},"end":{"line":2,"column":21}},"loc":{"start":{"line":2,"column":42},"end":{"line":37,"column":1}},"line":2},"1":{"name":"(anonymous_1)","decl":{"start":{"line":13,"column":40},"end":{"line":13,"column":41}},"loc":{"start":{"line":13,"column":46},"end":{"line":13,"column":56}},"line":13}},"branchMap":{"0":{"loc":{"start":{"line":4,"column":4},"end":{"line":6,"column":5}},"type":"if","locations":[{"start":{"line":4,"column":4},"end":{"line":6,"column":5}},{"start":{},"end":{}}],"line":4},"1":{"loc":{"start":{"line":8,"column":4},"end":{"line":10,"column":5}},"type":"if","locations":[{"start":{"line":8,"column":4},"end":{"line":10,"column":5}},{"start":{},"end":{}}],"line":8},"2":{"loc":{"start":{"line":12,"column":4},"end":{"line":16,"column":5}},"type":"if","locations":[{"start":{"line":12,"column":4},"end":{"line":16,"column":5}},{"start":{},"end":{}}],"line":12},"3":{"loc":{"start":{"line":12,"column":8},"end":{"line":12,"column":100}},"type":"binary-expr","locations":[{"start":{"line":12,"column":8},"end":{"line":12,"column":49}},{"start":{"line":12,"column":53},"end":{"line":12,"column":100}}],"line":12},"4":{"loc":{"start":{"line":17,"column":4},"end":{"line":19,"column":5}},"type":"if","locations":[{"start":{"line":17,"column":4},"end":{"line":19,"column":5}},{"start":{},"end":{}}],"line":17},"5":{"loc":{"start":{"line":20,"column":4},"end":{"line":22,"column":5}},"type":"if","locations":[{"start":{"line":20,"column":4},"end":{"line":22,"column":5}},{"start":{},"end":{}}],"line":20},"6":{"loc":{"start":{"line":24,"column":4},"end":{"line":26,"column":5}},"type":"if","locations":[{"start":{"line":24,"column":4},"end":{"line":26,"column":5}},{"start":{},"end":{}}],"line":24},"7":{"loc":{"start":{"line":27,"column":4},"end":{"line":34,"column":5}},"type":"if","locations":[{"start":{"line":27,"column":4},"end":{"line":34,"column":5}},{"start":{},"end":{}}],"line":27},"8":{"loc":{"start":{"line":29,"column":6},"end":{"line":33,"column":7}},"type":"if","locations":[{"start":{"line":29,"column":6},"end":{"line":33,"column":7}},{"start":{"line":31,"column":13},"end":{"line":33,"column":7}}],"line":29}},"s":{"0":22,"1":5,"2":17,"3":6,"4":11,"5":7,"6":9,"7":7,"8":4,"9":0,"10":4,"11":3,"12":1,"13":0,"14":1,"15":0,"16":0,"17":0,"18":1,"19":8},"f":{"0":22,"1":9},"b":{"0":[5,17],"1":[6,11],"2":[7,4],"3":[11,7],"4":[0,4],"5":[3,1],"6":[0,1],"7":[0,1],"8":[0,0]},"_coverageSchema":"1a1c01bbd47fc00a2c39e90264f33305004495a9","hash":"76ee1d709cd3d365e0de44c78c90d47bbcceb181"}
,"C:\\Users\\ThinkPad\\Desktop\\Hacktive\\Hacktive8\\Phase2\\CH\\IP-HCK85\\melodia\\backend\\models\\index.js": {"path":"C:\\Users\\ThinkPad\\Desktop\\Hacktive\\Hacktive8\\Phase2\\CH\\IP-HCK85\\melodia\\backend\\models\\index.js","statementMap":{"0":{"start":{"line":3,"column":11},"end":{"line":3,"column":24}},"1":{"start":{"line":4,"column":13},"end":{"line":4,"column":28}},"2":{"start":{"line":5,"column":18},"end":{"line":5,"column":38}},"3":{"start":{"line":6,"column":16},"end":{"line":6,"column":34}},"4":{"start":{"line":7,"column":17},"end":{"line":7,"column":42}},"5":{"start":{"line":8,"column":12},"end":{"line":8,"column":49}},"6":{"start":{"line":9,"column":15},"end":{"line":9,"column":65}},"7":{"start":{"line":10,"column":11},"end":{"line":10,"column":13}},"8":{"start":{"line":13,"column":0},"end":{"line":17,"column":1}},"9":{"start":{"line":14,"column":2},"end":{"line":14,"column":74}},"10":{"start":{"line":16,"column":2},"end":{"line":16,"column":87}},"11":{"start":{"line":19,"column":0},"end":{"line":32,"column":5}},"12":{"start":{"line":22,"column":4},"end":{"line":27,"column":6}},"13":{"start":{"line":30,"column":18},"end":{"line":30,"column":85}},"14":{"start":{"line":31,"column":4},"end":{"line":31,"column":27}},"15":{"start":{"line":34,"column":0},"end":{"line":38,"column":3}},"16":{"start":{"line":35,"column":2},"end":{"line":37,"column":3}},"17":{"start":{"line":36,"column":4},"end":{"line":36,"column":32}},"18":{"start":{"line":40,"column":0},"end":{"line":40,"column":25}},"19":{"start":{"line":41,"column":0},"end":{"line":41,"column":25}},"20":{"start":{"line":43,"column":0},"end":{"line":43,"column":20}}},"fnMap":{"0":{"name":"(anonymous_0)","decl":{"start":{"line":21,"column":10},"end":{"line":21,"column":11}},"loc":{"start":{"line":21,"column":18},"end":{"line":28,"column":3}},"line":21},"1":{"name":"(anonymous_1)","decl":{"start":{"line":29,"column":11},"end":{"line":29,"column":12}},"loc":{"start":{"line":29,"column":19},"end":{"line":32,"column":3}},"line":29},"2":{"name":"(anonymous_2)","decl":{"start":{"line":34,"column":24},"end":{"line":34,"column":25}},"loc":{"start":{"line":34,"column":37},"end":{"line":38,"column":1}},"line":34}},"branchMap":{"0":{"loc":{"start":{"line":8,"column":12},"end":{"line":8,"column":49}},"type":"binary-expr","locations":[{"start":{"line":8,"column":12},"end":{"line":8,"column":32}},{"start":{"line":8,"column":36},"end":{"line":8,"column":49}}],"line":8},"1":{"loc":{"start":{"line":13,"column":0},"end":{"line":17,"column":1}},"type":"if","locations":[{"start":{"line":13,"column":0},"end":{"line":17,"column":1}},{"start":{"line":15,"column":7},"end":{"line":17,"column":1}}],"line":13},"2":{"loc":{"start":{"line":23,"column":6},"end":{"line":26,"column":37}},"type":"binary-expr","locations":[{"start":{"line":23,"column":6},"end":{"line":23,"column":29}},{"start":{"line":24,"column":6},"end":{"line":24,"column":23}},{"start":{"line":25,"column":6},"end":{"line":25,"column":30}},{"start":{"line":26,"column":6},"end":{"line":26,"column":37}}],"line":23},"3":{"loc":{"start":{"line":35,"column":2},"end":{"line":37,"column":3}},"type":"if","locations":[{"start":{"line":35,"column":2},"end":{"line":37,"column":3}},{"start":{},"end":{}}],"line":35}},"s":{"0":7,"1":7,"2":7,"3":7,"4":7,"5":7,"6":7,"7":7,"8":7,"9":0,"10":7,"11":7,"12":42,"13":35,"14":35,"15":7,"16":35,"17":35,"18":7,"19":7,"20":7},"f":{"0":42,"1":35,"2":35},"b":{"0":[7,0],"1":[0,7],"2":[42,42,35,35],"3":[35,0]},"_coverageSchema":"1a1c01bbd47fc00a2c39e90264f33305004495a9","hash":"396ab932689b84569a2eb0bd4b57ceb8a955d82f"}
,"C:\\Users\\ThinkPad\\Desktop\\Hacktive\\Hacktive8\\Phase2\\CH\\IP-HCK85\\melodia\\backend\\models\\lyric.js": {"path":"C:\\Users\\ThinkPad\\Desktop\\Hacktive\\Hacktive8\\Phase2\\CH\\IP-HCK85\\melodia\\backend\\models\\lyric.js","statementMap":{"0":{"start":{"line":4,"column":4},"end":{"line":4,"column":24}},"1":{"start":{"line":5,"column":0},"end":{"line":36,"column":2}},"2":{"start":{"line":13,"column":6},"end":{"line":13,"column":60}},"3":{"start":{"line":16,"column":2},"end":{"line":34,"column":5}},"4":{"start":{"line":35,"column":2},"end":{"line":35,"column":15}}},"fnMap":{"0":{"name":"(anonymous_0)","decl":{"start":{"line":5,"column":17},"end":{"line":5,"column":18}},"loc":{"start":{"line":5,"column":43},"end":{"line":36,"column":1}},"line":5},"1":{"name":"(anonymous_1)","decl":{"start":{"line":12,"column":4},"end":{"line":12,"column":5}},"loc":{"start":{"line":12,"column":29},"end":{"line":14,"column":5}},"line":12}},"branchMap":{},"s":{"0":7,"1":7,"2":7,"3":7,"4":7},"f":{"0":7,"1":7},"b":{},"_coverageSchema":"1a1c01bbd47fc00a2c39e90264f33305004495a9","hash":"c9b77ab44820b8fb29db61254f946a1e7df9ebff"}
,"C:\\Users\\ThinkPad\\Desktop\\Hacktive\\Hacktive8\\Phase2\\CH\\IP-HCK85\\melodia\\backend\\models\\playlist.js": {"path":"C:\\Users\\ThinkPad\\Desktop\\Hacktive\\Hacktive8\\Phase2\\CH\\IP-HCK85\\melodia\\backend\\models\\playlist.js","statementMap":{"0":{"start":{"line":4,"column":4},"end":{"line":4,"column":24}},"1":{"start":{"line":5,"column":0},"end":{"line":35,"column":2}},"2":{"start":{"line":13,"column":6},"end":{"line":13,"column":64}},"3":{"start":{"line":14,"column":6},"end":{"line":14,"column":74}},"4":{"start":{"line":15,"column":6},"end":{"line":15,"column":102}},"5":{"start":{"line":18,"column":2},"end":{"line":33,"column":5}},"6":{"start":{"line":34,"column":2},"end":{"line":34,"column":18}}},"fnMap":{"0":{"name":"(anonymous_0)","decl":{"start":{"line":5,"column":17},"end":{"line":5,"column":18}},"loc":{"start":{"line":5,"column":43},"end":{"line":35,"column":1}},"line":5},"1":{"name":"(anonymous_1)","decl":{"start":{"line":12,"column":4},"end":{"line":12,"column":5}},"loc":{"start":{"line":12,"column":29},"end":{"line":16,"column":5}},"line":12}},"branchMap":{},"s":{"0":7,"1":7,"2":7,"3":7,"4":7,"5":7,"6":7},"f":{"0":7,"1":7},"b":{},"_coverageSchema":"1a1c01bbd47fc00a2c39e90264f33305004495a9","hash":"34709f61c5a7d67bdd90fd743701f719cbd850e2"}
,"C:\\Users\\ThinkPad\\Desktop\\Hacktive\\Hacktive8\\Phase2\\CH\\IP-HCK85\\melodia\\backend\\models\\playlistsong.js": {"path":"C:\\Users\\ThinkPad\\Desktop\\Hacktive\\Hacktive8\\Phase2\\CH\\IP-HCK85\\melodia\\backend\\models\\playlistsong.js","statementMap":{"0":{"start":{"line":4,"column":4},"end":{"line":4,"column":24}},"1":{"start":{"line":5,"column":0},"end":{"line":31,"column":2}},"2":{"start":{"line":13,"column":6},"end":{"line":13,"column":76}},"3":{"start":{"line":14,"column":6},"end":{"line":14,"column":68}},"4":{"start":{"line":17,"column":2},"end":{"line":29,"column":5}},"5":{"start":{"line":30,"column":2},"end":{"line":30,"column":22}}},"fnMap":{"0":{"name":"(anonymous_0)","decl":{"start":{"line":5,"column":17},"end":{"line":5,"column":18}},"loc":{"start":{"line":5,"column":43},"end":{"line":31,"column":1}},"line":5},"1":{"name":"(anonymous_1)","decl":{"start":{"line":12,"column":4},"end":{"line":12,"column":5}},"loc":{"start":{"line":12,"column":29},"end":{"line":15,"column":5}},"line":12}},"branchMap":{},"s":{"0":7,"1":7,"2":7,"3":7,"4":7,"5":7},"f":{"0":7,"1":7},"b":{},"_coverageSchema":"1a1c01bbd47fc00a2c39e90264f33305004495a9","hash":"77096109ac8a29c3cfdc2d82e7a4feba14e9a7b6"}
,"C:\\Users\\ThinkPad\\Desktop\\Hacktive\\Hacktive8\\Phase2\\CH\\IP-HCK85\\melodia\\backend\\models\\song.js": {"path":"C:\\Users\\ThinkPad\\Desktop\\Hacktive\\Hacktive8\\Phase2\\CH\\IP-HCK85\\melodia\\backend\\models\\song.js","statementMap":{"0":{"start":{"line":4,"column":4},"end":{"line":4,"column":24}},"1":{"start":{"line":5,"column":0},"end":{"line":42,"column":2}},"2":{"start":{"line":13,"column":6},"end":{"line":13,"column":59}},"3":{"start":{"line":14,"column":6},"end":{"line":14,"column":66}},"4":{"start":{"line":15,"column":6},"end":{"line":15,"column":98}},"5":{"start":{"line":19,"column":2},"end":{"line":40,"column":5}},"6":{"start":{"line":41,"column":2},"end":{"line":41,"column":14}}},"fnMap":{"0":{"name":"(anonymous_0)","decl":{"start":{"line":5,"column":17},"end":{"line":5,"column":18}},"loc":{"start":{"line":5,"column":43},"end":{"line":42,"column":1}},"line":5},"1":{"name":"(anonymous_1)","decl":{"start":{"line":12,"column":4},"end":{"line":12,"column":5}},"loc":{"start":{"line":12,"column":29},"end":{"line":16,"column":5}},"line":12}},"branchMap":{},"s":{"0":7,"1":7,"2":7,"3":7,"4":7,"5":7,"6":7},"f":{"0":7,"1":7},"b":{},"_coverageSchema":"1a1c01bbd47fc00a2c39e90264f33305004495a9","hash":"730604b7f88d8da570516dffecb596adfb5996a6"}
,"C:\\Users\\ThinkPad\\Desktop\\Hacktive\\Hacktive8\\Phase2\\CH\\IP-HCK85\\melodia\\backend\\models\\user.js": {"path":"C:\\Users\\ThinkPad\\Desktop\\Hacktive\\Hacktive8\\Phase2\\CH\\IP-HCK85\\melodia\\backend\\models\\user.js","statementMap":{"0":{"start":{"line":4,"column":4},"end":{"line":4,"column":24}},"1":{"start":{"line":5,"column":25},"end":{"line":5,"column":53}},"2":{"start":{"line":7,"column":0},"end":{"line":58,"column":2}},"3":{"start":{"line":17,"column":2},"end":{"line":56,"column":5}},"4":{"start":{"line":53,"column":8},"end":{"line":53,"column":51}},"5":{"start":{"line":57,"column":2},"end":{"line":57,"column":14}}},"fnMap":{"0":{"name":"(anonymous_0)","decl":{"start":{"line":7,"column":17},"end":{"line":7,"column":18}},"loc":{"start":{"line":7,"column":43},"end":{"line":58,"column":1}},"line":7},"1":{"name":"(anonymous_1)","decl":{"start":{"line":14,"column":4},"end":{"line":14,"column":5}},"loc":{"start":{"line":14,"column":29},"end":{"line":15,"column":5}},"line":14},"2":{"name":"(anonymous_2)","decl":{"start":{"line":52,"column":19},"end":{"line":52,"column":20}},"loc":{"start":{"line":52,"column":29},"end":{"line":54,"column":7}},"line":52}},"branchMap":{},"s":{"0":7,"1":7,"2":7,"3":7,"4":11,"5":7},"f":{"0":7,"1":7,"2":11},"b":{},"_coverageSchema":"1a1c01bbd47fc00a2c39e90264f33305004495a9","hash":"03bca2f70dfe62b4feedfdc94af910a5c9d18e1c"}
}
