TN:
SF:app.js
FNF:0
FNH:0
DA:2,7
DA:3,7
DA:4,7
DA:5,7
DA:6,7
DA:7,7
DA:8,7
DA:9,7
DA:11,7
DA:12,7
DA:14,7
DA:15,7
DA:16,7
DA:18,7
DA:19,7
DA:20,7
DA:21,7
DA:22,7
DA:23,7
DA:24,7
DA:25,7
DA:26,7
DA:27,7
DA:29,7
DA:31,7
LF:25
LH:25
BRF:0
BRH:0
end_of_record
TN:
SF:controllers\playlistController.js
FN:5,(anonymous_0)
FN:18,(anonymous_1)
FN:74,(anonymous_2)
FN:88,(anonymous_3)
FN:101,(anonymous_4)
FN:119,(anonymous_5)
FN:166,(anonymous_6)
FNF:7
FNH:6
FNDA:1,(anonymous_0)
FNDA:4,(anonymous_1)
FNDA:2,(anonymous_2)
FNDA:4,(anonymous_3)
FNDA:2,(anonymous_4)
FNDA:0,(anonymous_5)
FNDA:3,(anonymous_6)
DA:1,7
DA:2,7
DA:6,1
DA:7,1
DA:8,1
DA:12,1
DA:14,0
DA:19,4
DA:20,4
DA:32,4
DA:33,2
DA:36,2
DA:42,0
DA:43,0
DA:75,2
DA:76,2
DA:77,2
DA:78,2
DA:79,2
DA:81,1
DA:82,1
DA:84,1
DA:89,4
DA:90,4
DA:91,4
DA:92,4
DA:94,2
DA:95,2
DA:97,2
DA:102,2
DA:103,2
DA:104,2
DA:105,2
DA:106,2
DA:108,1
DA:109,1
DA:111,1
DA:112,1
DA:113,1
DA:115,1
DA:120,0
DA:121,0
DA:122,0
DA:124,0
DA:125,0
DA:127,0
DA:146,0
DA:151,0
DA:152,0
DA:153,0
DA:155,0
DA:160,0
DA:162,0
DA:167,3
DA:168,3
DA:169,3
DA:170,3
DA:171,3
DA:172,3
DA:174,3
DA:177,2
DA:178,2
DA:181,1
DA:182,1
DA:184,2
DA:186,2
DA:191,7
LF:67
LH:51
BRDA:32,0,0,2
BRDA:32,0,1,2
BRDA:79,1,0,1
BRDA:79,1,1,1
BRDA:92,2,0,2
BRDA:92,2,1,2
BRDA:106,3,0,1
BRDA:106,3,1,1
BRDA:109,4,0,0
BRDA:109,4,1,1
BRDA:122,5,0,0
BRDA:122,5,1,0
BRDA:122,6,0,0
BRDA:122,6,1,0
BRDA:174,7,0,1
BRDA:174,7,1,2
BRDA:174,8,0,3
BRDA:174,8,1,3
BRDA:178,9,0,1
BRDA:178,9,1,1
BRF:20
BRH:15
end_of_record
TN:
SF:controllers\songController.js
FN:6,(anonymous_0)
FN:40,(anonymous_1)
FNF:2
FNH:1
FNDA:4,(anonymous_0)
FNDA:0,(anonymous_1)
DA:1,7
DA:2,7
DA:7,4
DA:8,4
DA:9,4
DA:10,4
DA:11,4
DA:13,4
DA:14,4
DA:15,2
DA:23,4
DA:29,4
DA:36,0
DA:41,0
DA:42,0
DA:43,0
DA:44,0
DA:46,0
DA:48,0
DA:49,0
DA:55,7
LF:21
LH:13
BRDA:8,0,0,4
BRDA:8,0,1,4
BRDA:11,1,0,4
BRDA:11,1,1,2
BRDA:14,2,0,2
BRDA:14,2,1,2
BRDA:43,3,0,0
BRDA:43,3,1,0
BRF:8
BRH:6
end_of_record
TN:
SF:controllers\userController.js
FN:8,(anonymous_0)
FN:22,(anonymous_1)
FN:54,(anonymous_2)
FNF:3
FNH:2
FNDA:11,(anonymous_0)
FNDA:0,(anonymous_1)
FNDA:13,(anonymous_2)
DA:1,7
DA:2,7
DA:3,7
DA:4,7
DA:5,7
DA:9,11
DA:10,11
DA:11,11
DA:13,5
DA:14,5
DA:17,6
DA:23,0
DA:24,0
DA:25,0
DA:27,0
DA:29,0
DA:34,0
DA:35,0
DA:36,0
DA:45,0
DA:47,0
DA:49,0
DA:55,13
DA:56,13
DA:57,13
DA:58,2
DA:60,11
DA:65,11
DA:67,2
DA:69,9
DA:70,9
DA:71,2
DA:73,7
DA:74,7
DA:76,6
DA:77,6
DA:83,7
LF:37
LH:26
BRDA:25,0,0,0
BRDA:25,0,1,0
BRDA:47,1,0,0
BRDA:47,1,1,0
BRDA:57,2,0,2
BRDA:57,2,1,11
BRDA:57,3,0,13
BRDA:57,3,1,11
BRDA:65,4,0,2
BRDA:65,4,1,9
BRDA:70,5,0,2
BRDA:70,5,1,7
BRF:12
BRH:8
end_of_record
TN:
SF:helpers\bcrypt.js
FN:3,(anonymous_0)
FN:8,(anonymous_1)
FNF:2
FNH:2
FNDA:11,(anonymous_0)
FNDA:9,(anonymous_1)
DA:1,7
DA:3,7
DA:4,11
DA:5,11
DA:8,7
DA:9,9
DA:12,7
LF:7
LH:7
BRF:0
BRH:0
end_of_record
TN:
SF:helpers\jwt.js
FN:8,(anonymous_0)
FN:12,(anonymous_1)
FNF:2
FNH:2
FNDA:7,(anonymous_0)
FNDA:20,(anonymous_1)
DA:1,7
DA:3,7
DA:5,7
DA:8,7
DA:9,7
DA:12,7
DA:13,20
DA:16,7
LF:8
LH:8
BRF:0
BRH:0
end_of_record
TN:
SF:helpers\nodemailer.js
FN:5,sendEmail
FNF:1
FNH:1
FNDA:5,sendEmail
DA:1,7
DA:2,7
DA:6,5
DA:14,5
DA:21,5
DA:23,5
DA:24,5
DA:25,5
DA:28,0
DA:29,0
DA:31,0
DA:35,7
LF:12
LH:9
BRDA:23,0,0,5
BRDA:23,0,1,0
BRF:2
BRH:1
end_of_record
TN:
SF:middlewares\authentication.js
FN:4,authentication
FNF:1
FNH:1
FNDA:21,authentication
DA:1,7
DA:2,7
DA:5,21
DA:6,21
DA:8,21
DA:9,1
DA:12,20
DA:13,20
DA:14,20
DA:16,20
DA:17,0
DA:20,20
DA:22,20
DA:23,20
DA:24,0
DA:27,20
DA:28,20
DA:31,20
DA:33,1
DA:37,7
LF:20
LH:18
BRDA:8,0,0,1
BRDA:8,0,1,20
BRDA:16,1,0,0
BRDA:16,1,1,20
BRDA:16,2,0,20
BRDA:16,2,1,20
BRDA:23,3,0,0
BRDA:23,3,1,20
BRF:8
BRH:6
end_of_record
TN:
SF:middlewares\errorHandler.js
FN:2,errorHandler
FN:13,(anonymous_1)
FNF:2
FNH:2
FNDA:22,errorHandler
FNDA:9,(anonymous_1)
DA:4,22
DA:5,5
DA:8,17
DA:9,6
DA:12,11
DA:13,9
DA:14,7
DA:17,4
DA:18,0
DA:20,4
DA:21,3
DA:24,1
DA:25,0
DA:27,1
DA:29,0
DA:30,0
DA:32,0
DA:36,1
DA:39,8
LF:19
LH:14
BRDA:4,0,0,5
BRDA:4,0,1,17
BRDA:8,1,0,6
BRDA:8,1,1,11
BRDA:12,2,0,7
BRDA:12,2,1,4
BRDA:12,3,0,11
BRDA:12,3,1,7
BRDA:17,4,0,0
BRDA:17,4,1,4
BRDA:20,5,0,3
BRDA:20,5,1,1
BRDA:24,6,0,0
BRDA:24,6,1,1
BRDA:27,7,0,0
BRDA:27,7,1,1
BRDA:29,8,0,0
BRDA:29,8,1,0
BRF:18
BRH:13
end_of_record
TN:
SF:models\index.js
FN:21,(anonymous_0)
FN:29,(anonymous_1)
FN:34,(anonymous_2)
FNF:3
FNH:3
FNDA:42,(anonymous_0)
FNDA:35,(anonymous_1)
FNDA:35,(anonymous_2)
DA:3,7
DA:4,7
DA:5,7
DA:6,7
DA:7,7
DA:8,7
DA:9,7
DA:10,7
DA:13,7
DA:14,0
DA:16,7
DA:19,7
DA:22,42
DA:30,35
DA:31,35
DA:34,7
DA:35,35
DA:36,35
DA:40,7
DA:41,7
DA:43,7
LF:21
LH:20
BRDA:8,0,0,7
BRDA:8,0,1,0
BRDA:13,1,0,0
BRDA:13,1,1,7
BRDA:23,2,0,42
BRDA:23,2,1,42
BRDA:23,2,2,35
BRDA:23,2,3,35
BRDA:35,3,0,35
BRDA:35,3,1,0
BRF:10
BRH:7
end_of_record
TN:
SF:models\lyric.js
FN:5,(anonymous_0)
FN:12,(anonymous_1)
FNF:2
FNH:2
FNDA:7,(anonymous_0)
FNDA:7,(anonymous_1)
DA:4,7
DA:5,7
DA:13,7
DA:16,7
DA:35,7
LF:5
LH:5
BRF:0
BRH:0
end_of_record
TN:
SF:models\playlist.js
FN:5,(anonymous_0)
FN:12,(anonymous_1)
FNF:2
FNH:2
FNDA:7,(anonymous_0)
FNDA:7,(anonymous_1)
DA:4,7
DA:5,7
DA:13,7
DA:14,7
DA:15,7
DA:18,7
DA:34,7
LF:7
LH:7
BRF:0
BRH:0
end_of_record
TN:
SF:models\playlistsong.js
FN:5,(anonymous_0)
FN:12,(anonymous_1)
FNF:2
FNH:2
FNDA:7,(anonymous_0)
FNDA:7,(anonymous_1)
DA:4,7
DA:5,7
DA:13,7
DA:14,7
DA:17,7
DA:30,7
LF:6
LH:6
BRF:0
BRH:0
end_of_record
TN:
SF:models\song.js
FN:5,(anonymous_0)
FN:12,(anonymous_1)
FNF:2
FNH:2
FNDA:7,(anonymous_0)
FNDA:7,(anonymous_1)
DA:4,7
DA:5,7
DA:13,7
DA:14,7
DA:15,7
DA:19,7
DA:41,7
LF:7
LH:7
BRF:0
BRH:0
end_of_record
TN:
SF:models\user.js
FN:7,(anonymous_0)
FN:14,(anonymous_1)
FN:52,(anonymous_2)
FNF:3
FNH:3
FNDA:7,(anonymous_0)
FNDA:7,(anonymous_1)
FNDA:11,(anonymous_2)
DA:4,7
DA:5,7
DA:7,7
DA:17,7
DA:53,11
DA:57,7
LF:6
LH:6
BRF:0
BRH:0
end_of_record
